  Collision.cpp
C:\Users\slawe\source\repos\93b730f0-gr23-repo\Projekt\Sokoban\Sokoban\TransformComponent.h(37,16): warning C4244: "=": konwersja z "int" do "float", możliwa utrata danych
C:\Users\slawe\source\repos\93b730f0-gr23-repo\Projekt\Sokoban\Sokoban\TransformComponent.h(38,16): warning C4244: "=": konwersja z "int" do "float", możliwa utrata danych
  ComponentMove.cpp
C:\Users\slawe\source\repos\93b730f0-gr23-repo\Projekt\Sokoban\Sokoban\TransformComponent.h(37,16): warning C4244: "=": konwersja z "int" do "float", możliwa utrata danych
C:\Users\slawe\source\repos\93b730f0-gr23-repo\Projekt\Sokoban\Sokoban\TransformComponent.h(38,16): warning C4244: "=": konwersja z "int" do "float", możliwa utrata danych
  ComponentSystem.cpp
  Game.cpp
C:\Users\slawe\source\repos\93b730f0-gr23-repo\Projekt\Sokoban\Sokoban\TransformComponent.h(37,16): warning C4244: "=": konwersja z "int" do "float", możliwa utrata danych
C:\Users\slawe\source\repos\93b730f0-gr23-repo\Projekt\Sokoban\Sokoban\TransformComponent.h(38,16): warning C4244: "=": konwersja z "int" do "float", możliwa utrata danych
C:\Users\slawe\source\repos\93b730f0-gr23-repo\Projekt\Sokoban\Sokoban\Game.cpp(223,31): warning C4267: "inicjowanie": konwersja z "size_t" do "int", możliwa utrata danych
C:\Users\slawe\source\repos\93b730f0-gr23-repo\Projekt\Sokoban\Sokoban\ComponentSystem.h(83,33): warning C4244: "argument": konwersja z "_Ty" do "int", możliwa utrata danych
          with
          [
              _Ty=float
          ]
C:\Users\slawe\source\repos\93b730f0-gr23-repo\Projekt\Sokoban\Sokoban\TileComponent.h(44): message : zobacz odwołanie do kompilowanego tworzenia wystąpienia „T &Entity::addComponent<TransformComponent,float,float,int&,int&,int>(float &&,float &&,int &,int &,int &&)” funkcji szablon
          with
          [
              T=TransformComponent
          ]
  GameObject.cpp
  Highscores.cpp
  main.cpp
  Map.cpp
C:\Users\slawe\source\repos\93b730f0-gr23-repo\Projekt\Sokoban\Sokoban\TransformComponent.h(37,16): warning C4244: "=": konwersja z "int" do "float", możliwa utrata danych
C:\Users\slawe\source\repos\93b730f0-gr23-repo\Projekt\Sokoban\Sokoban\TransformComponent.h(38,16): warning C4244: "=": konwersja z "int" do "float", możliwa utrata danych
C:\Users\slawe\source\repos\93b730f0-gr23-repo\Projekt\Sokoban\Sokoban\ComponentSystem.h(83,33): warning C4244: "argument": konwersja z "_Ty" do "int", możliwa utrata danych
          with
          [
              _Ty=float
          ]
C:\Users\slawe\source\repos\93b730f0-gr23-repo\Projekt\Sokoban\Sokoban\TileComponent.h(44): message : zobacz odwołanie do kompilowanego tworzenia wystąpienia „T &Entity::addComponent<TransformComponent,float,float,int&,int&,int>(float &&,float &&,int &,int &,int &&)” funkcji szablon
          with
          [
              T=TransformComponent
          ]
  TextureManager.cpp
  Timer.cpp
C:\Users\slawe\source\repos\93b730f0-gr23-repo\Projekt\Sokoban\Sokoban\Timer.cpp(37,9): warning C4244: "return": konwersja z "int" do "float", możliwa utrata danych
C:\Users\slawe\source\repos\93b730f0-gr23-repo\Projekt\Sokoban\Sokoban\Timer.cpp(50,26): warning C4244: "=": konwersja z "float" do "int", możliwa utrata danych
  Vector2D.cpp
  Generowanie kodu...
  Sokoban.vcxproj -> C:\Users\slawe\source\repos\93b730f0-gr23-repo\Projekt\Sokoban\x64\Debug\Sokoban.exe
