\BOOKMARK [0][-]{chapter.1}{\376\377\0001\000\040\000I\000n\000d\000e\000k\000s\000\040\000h\000i\000e\000r\000a\000r\000c\000h\000i\000c\000z\000n\000y}{}% 1
\BOOKMARK [1][-]{section.1.1}{\376\377\0001\000.\0001\000\040\000H\000i\000e\000r\000a\000r\000c\000h\000i\000a\000\040\000k\000l\000a\000s}{chapter.1}% 2
\BOOKMARK [0][-]{chapter.2}{\376\377\0002\000\040\000I\000n\000d\000e\000k\000s\000\040\000k\000l\000a\000s}{}% 3
\BOOKMARK [1][-]{section.2.1}{\376\377\0002\000.\0001\000\040\000L\000i\000s\000t\000a\000\040\000k\000l\000a\000s}{chapter.2}% 4
\BOOKMARK [0][-]{chapter.3}{\376\377\0003\000\040\000I\000n\000d\000e\000k\000s\000\040\000p\000l\000i\000k\000\363\000w}{}% 5
\BOOKMARK [1][-]{section.3.1}{\376\377\0003\000.\0001\000\040\000L\000i\000s\000t\000a\000\040\000p\000l\000i\000k\000\363\000w}{chapter.3}% 6
\BOOKMARK [0][-]{chapter.4}{\376\377\0004\000\040\000D\000o\000k\000u\000m\000e\000n\000t\000a\000c\000j\000a\000\040\000k\000l\000a\000s}{}% 7
\BOOKMARK [1][-]{section.4.1}{\376\377\0004\000.\0001\000\040\000D\000o\000k\000u\000m\000e\000n\000t\000a\000c\000j\000a\000\040\000s\000t\000r\000u\000k\000t\000u\000r\000y\000\040\000A\000n\000i\000m\000a\000t\000i\000o\000n}{chapter.4}% 8
\BOOKMARK [1][-]{section.4.2}{\376\377\0004\000.\0002\000\040\000D\000o\000k\000u\000m\000e\000n\000t\000a\000c\000j\000a\000\040\000k\000l\000a\000s\000y\000\040\000C\000o\000l\000l\000i\000d\000e\000r\000C\000o\000m\000p\000o\000n\000e\000n\000t}{chapter.4}% 9
\BOOKMARK [2][-]{subsection.4.2.1}{\376\377\0004\000.\0002\000.\0001\000\040\000D\000o\000k\000u\000m\000e\000n\000t\000a\000c\000j\000a\000\040\000f\000u\000n\000k\000c\000j\000i\000\040\000s\000k\001\102\000a\000d\000o\000w\000y\000c\000h}{section.4.2}% 10
\BOOKMARK [3][-]{subsubsection.4.2.1.1}{\376\377\0004\000.\0002\000.\0001\000.\0001\000\040\000d\000r\000a\000w\000\050\000\051}{subsection.4.2.1}% 11
\BOOKMARK [3][-]{subsubsection.4.2.1.2}{\376\377\0004\000.\0002\000.\0001\000.\0002\000\040\000i\000n\000i\000t\000\050\000\051}{subsection.4.2.1}% 12
\BOOKMARK [3][-]{subsubsection.4.2.1.3}{\376\377\0004\000.\0002\000.\0001\000.\0003\000\040\000u\000p\000d\000a\000t\000e\000\050\000\051}{subsection.4.2.1}% 13
\BOOKMARK [1][-]{section.4.3}{\376\377\0004\000.\0003\000\040\000D\000o\000k\000u\000m\000e\000n\000t\000a\000c\000j\000a\000\040\000k\000l\000a\000s\000y\000\040\000C\000o\000l\000l\000i\000s\000i\000o\000n}{chapter.4}% 14
\BOOKMARK [1][-]{section.4.4}{\376\377\0004\000.\0004\000\040\000D\000o\000k\000u\000m\000e\000n\000t\000a\000c\000j\000a\000\040\000k\000l\000a\000s\000y\000\040\000C\000o\000m\000p\000o\000n\000e\000n\000t}{chapter.4}% 15
\BOOKMARK [1][-]{section.4.5}{\376\377\0004\000.\0005\000\040\000D\000o\000k\000u\000m\000e\000n\000t\000a\000c\000j\000a\000\040\000k\000l\000a\000s\000y\000\040\000C\000o\000m\000p\000o\000n\000e\000n\000t\000M\000o\000v\000e}{chapter.4}% 16
\BOOKMARK [1][-]{section.4.6}{\376\377\0004\000.\0006\000\040\000D\000o\000k\000u\000m\000e\000n\000t\000a\000c\000j\000a\000\040\000k\000l\000a\000s\000y\000\040\000E\000n\000t\000i\000t\000y}{chapter.4}% 17
\BOOKMARK [1][-]{section.4.7}{\376\377\0004\000.\0007\000\040\000D\000o\000k\000u\000m\000e\000n\000t\000a\000c\000j\000a\000\040\000k\000l\000a\000s\000y\000\040\000G\000a\000m\000e}{chapter.4}% 18
\BOOKMARK [1][-]{section.4.8}{\376\377\0004\000.\0008\000\040\000D\000o\000k\000u\000m\000e\000n\000t\000a\000c\000j\000a\000\040\000k\000l\000a\000s\000y\000\040\000K\000e\000y\000b\000o\000a\000r\000d\000C\000o\000n\000t\000r\000o\000l}{chapter.4}% 19
\BOOKMARK [2][-]{subsection.4.8.1}{\376\377\0004\000.\0008\000.\0001\000\040\000D\000o\000k\000u\000m\000e\000n\000t\000a\000c\000j\000a\000\040\000f\000u\000n\000k\000c\000j\000i\000\040\000s\000k\001\102\000a\000d\000o\000w\000y\000c\000h}{section.4.8}% 20
\BOOKMARK [3][-]{subsubsection.4.8.1.1}{\376\377\0004\000.\0008\000.\0001\000.\0001\000\040\000i\000n\000i\000t\000\050\000\051}{subsection.4.8.1}% 21
\BOOKMARK [3][-]{subsubsection.4.8.1.2}{\376\377\0004\000.\0008\000.\0001\000.\0002\000\040\000u\000p\000d\000a\000t\000e\000\050\000\051}{subsection.4.8.1}% 22
\BOOKMARK [1][-]{section.4.9}{\376\377\0004\000.\0009\000\040\000D\000o\000k\000u\000m\000e\000n\000t\000a\000c\000j\000a\000\040\000k\000l\000a\000s\000y\000\040\000M\000a\000n\000a\000g\000e\000r}{chapter.4}% 23
\BOOKMARK [1][-]{section.4.10}{\376\377\0004\000.\0001\0000\000\040\000D\000o\000k\000u\000m\000e\000n\000t\000a\000c\000j\000a\000\040\000k\000l\000a\000s\000y\000\040\000M\000a\000p}{chapter.4}% 24
\BOOKMARK [1][-]{section.4.11}{\376\377\0004\000.\0001\0001\000\040\000D\000o\000k\000u\000m\000e\000n\000t\000a\000c\000j\000a\000\040\000k\000l\000a\000s\000y\000\040\000M\000e\000n\000u}{chapter.4}% 25
\BOOKMARK [1][-]{section.4.12}{\376\377\0004\000.\0001\0002\000\040\000D\000o\000k\000u\000m\000e\000n\000t\000a\000c\000j\000a\000\040\000k\000l\000a\000s\000y\000\040\000S\000c\000o\000r\000e\000B\000o\000a\000r\000d}{chapter.4}% 26
\BOOKMARK [1][-]{section.4.13}{\376\377\0004\000.\0001\0003\000\040\000D\000o\000k\000u\000m\000e\000n\000t\000a\000c\000j\000a\000\040\000k\000l\000a\000s\000y\000\040\000S\000p\000r\000i\000t\000e\000C\000o\000m\000p\000o\000n\000e\000n\000t}{chapter.4}% 27
\BOOKMARK [2][-]{subsection.4.13.1}{\376\377\0004\000.\0001\0003\000.\0001\000\040\000D\000o\000k\000u\000m\000e\000n\000t\000a\000c\000j\000a\000\040\000f\000u\000n\000k\000c\000j\000i\000\040\000s\000k\001\102\000a\000d\000o\000w\000y\000c\000h}{section.4.13}% 28
\BOOKMARK [3][-]{subsubsection.4.13.1.1}{\376\377\0004\000.\0001\0003\000.\0001\000.\0001\000\040\000d\000r\000a\000w\000\050\000\051}{subsection.4.13.1}% 29
\BOOKMARK [3][-]{subsubsection.4.13.1.2}{\376\377\0004\000.\0001\0003\000.\0001\000.\0002\000\040\000i\000n\000i\000t\000\050\000\051}{subsection.4.13.1}% 30
\BOOKMARK [3][-]{subsubsection.4.13.1.3}{\376\377\0004\000.\0001\0003\000.\0001\000.\0003\000\040\000u\000p\000d\000a\000t\000e\000\050\000\051}{subsection.4.13.1}% 31
\BOOKMARK [1][-]{section.4.14}{\376\377\0004\000.\0001\0004\000\040\000D\000o\000k\000u\000m\000e\000n\000t\000a\000c\000j\000a\000\040\000k\000l\000a\000s\000y\000\040\000T\000e\000x\000t}{chapter.4}% 32
\BOOKMARK [1][-]{section.4.15}{\376\377\0004\000.\0001\0005\000\040\000D\000o\000k\000u\000m\000e\000n\000t\000a\000c\000j\000a\000\040\000k\000l\000a\000s\000y\000\040\000T\000e\000x\000t\000u\000r\000e\000M\000a\000n\000a\000g\000e\000r}{chapter.4}% 33
\BOOKMARK [1][-]{section.4.16}{\376\377\0004\000.\0001\0006\000\040\000D\000o\000k\000u\000m\000e\000n\000t\000a\000c\000j\000a\000\040\000k\000l\000a\000s\000y\000\040\000T\000i\000l\000e\000C\000o\000m\000p\000o\000n\000e\000n\000t}{chapter.4}% 34
\BOOKMARK [2][-]{subsection.4.16.1}{\376\377\0004\000.\0001\0006\000.\0001\000\040\000D\000o\000k\000u\000m\000e\000n\000t\000a\000c\000j\000a\000\040\000f\000u\000n\000k\000c\000j\000i\000\040\000s\000k\001\102\000a\000d\000o\000w\000y\000c\000h}{section.4.16}% 35
\BOOKMARK [3][-]{subsubsection.4.16.1.1}{\376\377\0004\000.\0001\0006\000.\0001\000.\0001\000\040\000i\000n\000i\000t\000\050\000\051}{subsection.4.16.1}% 36
\BOOKMARK [1][-]{section.4.17}{\376\377\0004\000.\0001\0007\000\040\000D\000o\000k\000u\000m\000e\000n\000t\000a\000c\000j\000a\000\040\000k\000l\000a\000s\000y\000\040\000T\000i\000m\000e\000r}{chapter.4}% 37
\BOOKMARK [1][-]{section.4.18}{\376\377\0004\000.\0001\0008\000\040\000D\000o\000k\000u\000m\000e\000n\000t\000a\000c\000j\000a\000\040\000k\000l\000a\000s\000y\000\040\000T\000r\000a\000n\000s\000f\000o\000r\000m\000C\000o\000m\000p\000o\000n\000e\000n\000t}{chapter.4}% 38
\BOOKMARK [2][-]{subsection.4.18.1}{\376\377\0004\000.\0001\0008\000.\0001\000\040\000D\000o\000k\000u\000m\000e\000n\000t\000a\000c\000j\000a\000\040\000f\000u\000n\000k\000c\000j\000i\000\040\000s\000k\001\102\000a\000d\000o\000w\000y\000c\000h}{section.4.18}% 39
\BOOKMARK [3][-]{subsubsection.4.18.1.1}{\376\377\0004\000.\0001\0008\000.\0001\000.\0001\000\040\000i\000n\000i\000t\000\050\000\051}{subsection.4.18.1}% 40
\BOOKMARK [3][-]{subsubsection.4.18.1.2}{\376\377\0004\000.\0001\0008\000.\0001\000.\0002\000\040\000u\000p\000d\000a\000t\000e\000\050\000\051}{subsection.4.18.1}% 41
\BOOKMARK [1][-]{section.4.19}{\376\377\0004\000.\0001\0009\000\040\000D\000o\000k\000u\000m\000e\000n\000t\000a\000c\000j\000a\000\040\000k\000l\000a\000s\000y\000\040\000U\000I}{chapter.4}% 42
\BOOKMARK [2][-]{subsection.4.19.1}{\376\377\0004\000.\0001\0009\000.\0001\000\040\000D\000o\000k\000u\000m\000e\000n\000t\000a\000c\000j\000a\000\040\000f\000u\000n\000k\000c\000j\000i\000\040\000s\000k\001\102\000a\000d\000o\000w\000y\000c\000h}{section.4.19}% 43
\BOOKMARK [3][-]{subsubsection.4.19.1.1}{\376\377\0004\000.\0001\0009\000.\0001\000.\0001\000\040\000d\000r\000a\000w\000\050\000\051}{subsection.4.19.1}% 44
\BOOKMARK [1][-]{section.4.20}{\376\377\0004\000.\0002\0000\000\040\000D\000o\000k\000u\000m\000e\000n\000t\000a\000c\000j\000a\000\040\000k\000l\000a\000s\000y\000\040\000V\000e\000c\000t\000o\000r\0002\000D}{chapter.4}% 45
\BOOKMARK [0][-]{chapter.5}{\376\377\0005\000\040\000D\000o\000k\000u\000m\000e\000n\000t\000a\000c\000j\000a\000\040\000p\000l\000i\000k\000\363\000w}{}% 46
\BOOKMARK [1][-]{section.5.1}{\376\377\0005\000.\0001\000\040\000C\000:\000/\000U\000s\000e\000r\000s\000/\000s\000l\000a\000w\000e\000/\000s\000o\000u\000r\000c\000e\000/\000r\000e\000p\000o\000s\000/\0009\0003\000b\0007\0003\0000\000f\0000\000-\000g\000r\0002\0003\000-\000r\000e\000p\000o\000/\000P\000r\000o\000j\000e\000k\000t\000/\000S\000o\000k\000o\000b\000a\000n\000/\000S\000o\000k\000o\000b\000a\000n\000/\000A\000n\000i\000m\000a\000t\000i\000o\000n\000.\000h}{chapter.5}% 47
\BOOKMARK [1][-]{section.5.2}{\376\377\0005\000.\0002\000\040\000C\000:\000/\000U\000s\000e\000r\000s\000/\000s\000l\000a\000w\000e\000/\000s\000o\000u\000r\000c\000e\000/\000r\000e\000p\000o\000s\000/\0009\0003\000b\0007\0003\0000\000f\0000\000-\000g\000r\0002\0003\000-\000r\000e\000p\000o\000/\000P\000r\000o\000j\000e\000k\000t\000/\000S\000o\000k\000o\000b\000a\000n\000/\000S\000o\000k\000o\000b\000a\000n\000/\000C\000o\000l\000l\000i\000d\000e\000r\000C\000o\000m\000p\000o\000n\000e\000n\000t\000.\000h}{chapter.5}% 48
\BOOKMARK [1][-]{section.5.3}{\376\377\0005\000.\0003\000\040\000C\000:\000/\000U\000s\000e\000r\000s\000/\000s\000l\000a\000w\000e\000/\000s\000o\000u\000r\000c\000e\000/\000r\000e\000p\000o\000s\000/\0009\0003\000b\0007\0003\0000\000f\0000\000-\000g\000r\0002\0003\000-\000r\000e\000p\000o\000/\000P\000r\000o\000j\000e\000k\000t\000/\000S\000o\000k\000o\000b\000a\000n\000/\000S\000o\000k\000o\000b\000a\000n\000/\000C\000o\000l\000l\000i\000s\000i\000o\000n\000.\000h}{chapter.5}% 49
\BOOKMARK [1][-]{section.5.4}{\376\377\0005\000.\0004\000\040\000C\000:\000/\000U\000s\000e\000r\000s\000/\000s\000l\000a\000w\000e\000/\000s\000o\000u\000r\000c\000e\000/\000r\000e\000p\000o\000s\000/\0009\0003\000b\0007\0003\0000\000f\0000\000-\000g\000r\0002\0003\000-\000r\000e\000p\000o\000/\000P\000r\000o\000j\000e\000k\000t\000/\000S\000o\000k\000o\000b\000a\000n\000/\000S\000o\000k\000o\000b\000a\000n\000/\000C\000o\000m\000p\000o\000n\000e\000n\000t\000M\000o\000v\000e\000.\000h}{chapter.5}% 50
\BOOKMARK [1][-]{section.5.5}{\376\377\0005\000.\0005\000\040\000C\000:\000/\000U\000s\000e\000r\000s\000/\000s\000l\000a\000w\000e\000/\000s\000o\000u\000r\000c\000e\000/\000r\000e\000p\000o\000s\000/\0009\0003\000b\0007\0003\0000\000f\0000\000-\000g\000r\0002\0003\000-\000r\000e\000p\000o\000/\000P\000r\000o\000j\000e\000k\000t\000/\000S\000o\000k\000o\000b\000a\000n\000/\000S\000o\000k\000o\000b\000a\000n\000/\000C\000o\000m\000p\000o\000n\000e\000n\000t\000s\000.\000h}{chapter.5}% 51
\BOOKMARK [1][-]{section.5.6}{\376\377\0005\000.\0006\000\040\000C\000:\000/\000U\000s\000e\000r\000s\000/\000s\000l\000a\000w\000e\000/\000s\000o\000u\000r\000c\000e\000/\000r\000e\000p\000o\000s\000/\0009\0003\000b\0007\0003\0000\000f\0000\000-\000g\000r\0002\0003\000-\000r\000e\000p\000o\000/\000P\000r\000o\000j\000e\000k\000t\000/\000S\000o\000k\000o\000b\000a\000n\000/\000S\000o\000k\000o\000b\000a\000n\000/\000C\000o\000m\000p\000o\000n\000e\000n\000t\000S\000y\000s\000t\000e\000m\000.\000h}{chapter.5}% 52
\BOOKMARK [1][-]{section.5.7}{\376\377\0005\000.\0007\000\040\000C\000:\000/\000U\000s\000e\000r\000s\000/\000s\000l\000a\000w\000e\000/\000s\000o\000u\000r\000c\000e\000/\000r\000e\000p\000o\000s\000/\0009\0003\000b\0007\0003\0000\000f\0000\000-\000g\000r\0002\0003\000-\000r\000e\000p\000o\000/\000P\000r\000o\000j\000e\000k\000t\000/\000S\000o\000k\000o\000b\000a\000n\000/\000S\000o\000k\000o\000b\000a\000n\000/\000G\000a\000m\000e\000.\000h}{chapter.5}% 53
\BOOKMARK [1][-]{section.5.8}{\376\377\0005\000.\0008\000\040\000C\000:\000/\000U\000s\000e\000r\000s\000/\000s\000l\000a\000w\000e\000/\000s\000o\000u\000r\000c\000e\000/\000r\000e\000p\000o\000s\000/\0009\0003\000b\0007\0003\0000\000f\0000\000-\000g\000r\0002\0003\000-\000r\000e\000p\000o\000/\000P\000r\000o\000j\000e\000k\000t\000/\000S\000o\000k\000o\000b\000a\000n\000/\000S\000o\000k\000o\000b\000a\000n\000/\000G\000a\000m\000e\000O\000b\000j\000e\000c\000t\000.\000h}{chapter.5}% 54
\BOOKMARK [1][-]{section.5.9}{\376\377\0005\000.\0009\000\040\000C\000:\000/\000U\000s\000e\000r\000s\000/\000s\000l\000a\000w\000e\000/\000s\000o\000u\000r\000c\000e\000/\000r\000e\000p\000o\000s\000/\0009\0003\000b\0007\0003\0000\000f\0000\000-\000g\000r\0002\0003\000-\000r\000e\000p\000o\000/\000P\000r\000o\000j\000e\000k\000t\000/\000S\000o\000k\000o\000b\000a\000n\000/\000S\000o\000k\000o\000b\000a\000n\000/\000K\000e\000y\000b\000o\000a\000r\000d\000C\000o\000n\000t\000r\000o\000l\000.\000h}{chapter.5}% 55
\BOOKMARK [1][-]{section.5.10}{\376\377\0005\000.\0001\0000\000\040\000C\000:\000/\000U\000s\000e\000r\000s\000/\000s\000l\000a\000w\000e\000/\000s\000o\000u\000r\000c\000e\000/\000r\000e\000p\000o\000s\000/\0009\0003\000b\0007\0003\0000\000f\0000\000-\000g\000r\0002\0003\000-\000r\000e\000p\000o\000/\000P\000r\000o\000j\000e\000k\000t\000/\000S\000o\000k\000o\000b\000a\000n\000/\000S\000o\000k\000o\000b\000a\000n\000/\000M\000a\000p\000.\000h}{chapter.5}% 56
\BOOKMARK [1][-]{section.5.11}{\376\377\0005\000.\0001\0001\000\040\000C\000:\000/\000U\000s\000e\000r\000s\000/\000s\000l\000a\000w\000e\000/\000s\000o\000u\000r\000c\000e\000/\000r\000e\000p\000o\000s\000/\0009\0003\000b\0007\0003\0000\000f\0000\000-\000g\000r\0002\0003\000-\000r\000e\000p\000o\000/\000P\000r\000o\000j\000e\000k\000t\000/\000S\000o\000k\000o\000b\000a\000n\000/\000S\000o\000k\000o\000b\000a\000n\000/\000M\000e\000n\000u\000.\000h}{chapter.5}% 57
\BOOKMARK [1][-]{section.5.12}{\376\377\0005\000.\0001\0002\000\040\000C\000:\000/\000U\000s\000e\000r\000s\000/\000s\000l\000a\000w\000e\000/\000s\000o\000u\000r\000c\000e\000/\000r\000e\000p\000o\000s\000/\0009\0003\000b\0007\0003\0000\000f\0000\000-\000g\000r\0002\0003\000-\000r\000e\000p\000o\000/\000P\000r\000o\000j\000e\000k\000t\000/\000S\000o\000k\000o\000b\000a\000n\000/\000S\000o\000k\000o\000b\000a\000n\000/\000S\000c\000o\000r\000e\000B\000o\000a\000r\000d\000.\000h}{chapter.5}% 58
\BOOKMARK [1][-]{section.5.13}{\376\377\0005\000.\0001\0003\000\040\000C\000:\000/\000U\000s\000e\000r\000s\000/\000s\000l\000a\000w\000e\000/\000s\000o\000u\000r\000c\000e\000/\000r\000e\000p\000o\000s\000/\0009\0003\000b\0007\0003\0000\000f\0000\000-\000g\000r\0002\0003\000-\000r\000e\000p\000o\000/\000P\000r\000o\000j\000e\000k\000t\000/\000S\000o\000k\000o\000b\000a\000n\000/\000S\000o\000k\000o\000b\000a\000n\000/\000S\000p\000r\000i\000t\000e\000C\000o\000m\000p\000o\000n\000e\000n\000t\000.\000h}{chapter.5}% 59
\BOOKMARK [1][-]{section.5.14}{\376\377\0005\000.\0001\0004\000\040\000C\000:\000/\000U\000s\000e\000r\000s\000/\000s\000l\000a\000w\000e\000/\000s\000o\000u\000r\000c\000e\000/\000r\000e\000p\000o\000s\000/\0009\0003\000b\0007\0003\0000\000f\0000\000-\000g\000r\0002\0003\000-\000r\000e\000p\000o\000/\000P\000r\000o\000j\000e\000k\000t\000/\000S\000o\000k\000o\000b\000a\000n\000/\000S\000o\000k\000o\000b\000a\000n\000/\000T\000e\000x\000t\000.\000h}{chapter.5}% 60
\BOOKMARK [1][-]{section.5.15}{\376\377\0005\000.\0001\0005\000\040\000C\000:\000/\000U\000s\000e\000r\000s\000/\000s\000l\000a\000w\000e\000/\000s\000o\000u\000r\000c\000e\000/\000r\000e\000p\000o\000s\000/\0009\0003\000b\0007\0003\0000\000f\0000\000-\000g\000r\0002\0003\000-\000r\000e\000p\000o\000/\000P\000r\000o\000j\000e\000k\000t\000/\000S\000o\000k\000o\000b\000a\000n\000/\000S\000o\000k\000o\000b\000a\000n\000/\000T\000e\000x\000t\000u\000r\000e\000M\000a\000n\000a\000g\000e\000r\000.\000h}{chapter.5}% 61
\BOOKMARK [1][-]{section.5.16}{\376\377\0005\000.\0001\0006\000\040\000C\000:\000/\000U\000s\000e\000r\000s\000/\000s\000l\000a\000w\000e\000/\000s\000o\000u\000r\000c\000e\000/\000r\000e\000p\000o\000s\000/\0009\0003\000b\0007\0003\0000\000f\0000\000-\000g\000r\0002\0003\000-\000r\000e\000p\000o\000/\000P\000r\000o\000j\000e\000k\000t\000/\000S\000o\000k\000o\000b\000a\000n\000/\000S\000o\000k\000o\000b\000a\000n\000/\000T\000i\000l\000e\000C\000o\000m\000p\000o\000n\000e\000n\000t\000.\000h}{chapter.5}% 62
\BOOKMARK [1][-]{section.5.17}{\376\377\0005\000.\0001\0007\000\040\000C\000:\000/\000U\000s\000e\000r\000s\000/\000s\000l\000a\000w\000e\000/\000s\000o\000u\000r\000c\000e\000/\000r\000e\000p\000o\000s\000/\0009\0003\000b\0007\0003\0000\000f\0000\000-\000g\000r\0002\0003\000-\000r\000e\000p\000o\000/\000P\000r\000o\000j\000e\000k\000t\000/\000S\000o\000k\000o\000b\000a\000n\000/\000S\000o\000k\000o\000b\000a\000n\000/\000T\000i\000m\000e\000r\000.\000h}{chapter.5}% 63
\BOOKMARK [1][-]{section.5.18}{\376\377\0005\000.\0001\0008\000\040\000C\000:\000/\000U\000s\000e\000r\000s\000/\000s\000l\000a\000w\000e\000/\000s\000o\000u\000r\000c\000e\000/\000r\000e\000p\000o\000s\000/\0009\0003\000b\0007\0003\0000\000f\0000\000-\000g\000r\0002\0003\000-\000r\000e\000p\000o\000/\000P\000r\000o\000j\000e\000k\000t\000/\000S\000o\000k\000o\000b\000a\000n\000/\000S\000o\000k\000o\000b\000a\000n\000/\000T\000r\000a\000n\000s\000f\000o\000r\000m\000C\000o\000m\000p\000o\000n\000e\000n\000t\000.\000h}{chapter.5}% 64
\BOOKMARK [1][-]{section.5.19}{\376\377\0005\000.\0001\0009\000\040\000C\000:\000/\000U\000s\000e\000r\000s\000/\000s\000l\000a\000w\000e\000/\000s\000o\000u\000r\000c\000e\000/\000r\000e\000p\000o\000s\000/\0009\0003\000b\0007\0003\0000\000f\0000\000-\000g\000r\0002\0003\000-\000r\000e\000p\000o\000/\000P\000r\000o\000j\000e\000k\000t\000/\000S\000o\000k\000o\000b\000a\000n\000/\000S\000o\000k\000o\000b\000a\000n\000/\000U\000I\000.\000h}{chapter.5}% 65
\BOOKMARK [1][-]{section.5.20}{\376\377\0005\000.\0002\0000\000\040\000C\000:\000/\000U\000s\000e\000r\000s\000/\000s\000l\000a\000w\000e\000/\000s\000o\000u\000r\000c\000e\000/\000r\000e\000p\000o\000s\000/\0009\0003\000b\0007\0003\0000\000f\0000\000-\000g\000r\0002\0003\000-\000r\000e\000p\000o\000/\000P\000r\000o\000j\000e\000k\000t\000/\000S\000o\000k\000o\000b\000a\000n\000/\000S\000o\000k\000o\000b\000a\000n\000/\000V\000e\000c\000t\000o\000r\0002\000D\000.\000h}{chapter.5}% 66
\BOOKMARK [0][-]{section*.48}{\376\377\000I\000n\000d\000e\000k\000s}{}% 67
